# JRE version: OpenJDK Runtime Environment (21.0.8) (build 21.0.8+-14196175-b1038.72)
# Java VM: OpenJDK 64-Bit Server VM (21.0.8+-14196175-b1038.72, mixed mode, tiered, compressed oops, compressed class ptrs, g1 gc, windows-amd64)
GC Precious Log:
 CardTable entry size: 512
 Card Set container configuration: InlinePtr #cards 4 size 8 Array Of Cards #cards 32 size 80 Howl #buckets 8 coarsen threshold 7372 Howl Bitmap #cards 1024 size 144 coarsen threshold 921 Card regions per heap region 1 cards per card region 8192
 CPUs: 8 total, 8 available
 Memory: 8113M
 Large Page Support: Disabled
 NUMA Support: Disabled
 Compressed Oops: Enabled (Zero based)
 Heap Region Size: 4M
 Heap Min Capacity: 8M
 Heap Initial Capacity: 128M
 Heap Max Capacity: 8G
 Pre-touch: Disabled
 Parallel Workers: 8
 Concurrent Workers: 2
 Concurrent Refinement Workers: 8
 Periodic GC: Disabled
Heap:
 garbage-first heap   total 1531904K, used 843776K [0x0000000600000000, 0x0000000800000000)
  region size 4096K, 20 young (81920K), 20 survivors (81920K)
 Metaspace       used 368203K, committed 371520K, reserved 1376256K
  class space    used 45859K, committed 47488K, reserved 1048576K
GC Heap History (20 events):
Event: 1413.677 GC heap after
{Heap after GC invocations=198 (full 0):
 garbage-first heap   total 1421312K, used 598620K [0x0000000600000000, 0x0000000800000000)
  region size 4096K, 12 young (49152K), 12 survivors (49152K)
 Metaspace       used 288741K, committed 291968K, reserved 1310720K
  class space    used 36087K, committed 37632K, reserved 1048576K
}
Event: 1476.111 GC heap before
{Heap before GC invocations=198 (full 0):
 garbage-first heap   total 1421312K, used 1188444K [0x0000000600000000, 0x0000000800000000)
  region size 4096K, 158 young (647168K), 12 survivors (49152K)
 Metaspace       used 290079K, committed 293312K, reserved 1310720K
  class space    used 36271K, committed 37824K, reserved 1048576K
}
Event: 1476.788 GC heap after
{Heap after GC invocations=199 (full 0):
 garbage-first heap   total 1421312K, used 593552K [0x0000000600000000, 0x0000000800000000)
  region size 4096K, 11 young (45056K), 11 survivors (45056K)
 Metaspace       used 290079K, committed 293312K, reserved 1310720K
  class space    used 36271K, committed 37824K, reserved 1048576K
}
Event: 1477.602 GC heap before
{Heap before GC invocations=199 (full 0):
 garbage-first heap   total 1421312K, used 622224K [0x0000000600000000, 0x0000000800000000)
  region size 4096K, 17 young (69632K), 11 survivors (45056K)
 Metaspace       used 290079K, committed 293312K, reserved 1310720K
  class space    used 36271K, committed 37824K, reserved 1048576K
}
Event: 1477.766 GC heap after
{Heap after GC invocations=200 (full 0):
 garbage-first heap   total 1421312K, used 601952K [0x0000000600000000, 0x0000000800000000)
  region size 4096K, 3 young (12288K), 3 survivors (12288K)
 Metaspace       used 290079K, committed 293312K, reserved 1310720K
  class space    used 36271K, committed 37824K, reserved 1048576K
}
Event: 1478.976 GC heap before
{Heap before GC invocations=200 (full 0):
 garbage-first heap   total 1421312K, used 655200K [0x0000000600000000, 0x0000000800000000)
  region size 4096K, 17 young (69632K), 3 survivors (12288K)
 Metaspace       used 290079K, committed 293312K, reserved 1310720K
  class space    used 36271K, committed 37824K, reserved 1048576K
}
Event: 1478.995 GC heap after
{Heap after GC invocations=201 (full 0):
 garbage-first heap   total 1421312K, used 598440K [0x0000000600000000, 0x0000000800000000)
  region size 4096K, 2 young (8192K), 2 survivors (8192K)
 Metaspace       used 290079K, committed 293312K, reserved 1310720K
  class space    used 36271K, committed 37824K, reserved 1048576K
}
Event: 1481.192 GC heap before
{Heap before GC invocations=202 (full 0):
 garbage-first heap   total 1421312K, used 668072K [0x0000000600000000, 0x0000000800000000)
  region size 4096K, 19 young (77824K), 2 survivors (8192K)
 Metaspace       used 290079K, committed 293312K, reserved 1310720K
  class space    used 36271K, committed 37824K, reserved 1048576K
}
Event: 1481.204 GC heap after
{Heap after GC invocations=203 (full 0):
 garbage-first heap   total 1421312K, used 598453K [0x0000000600000000, 0x0000000800000000)
  region size 4096K, 2 young (8192K), 2 survivors (8192K)
 Metaspace       used 290079K, committed 293312K, reserved 1310720K
  class space    used 36271K, committed 37824K, reserved 1048576K
}
Event: 1500.072 GC heap before
{Heap before GC invocations=203 (full 0):
 garbage-first heap   total 1421312K, used 1339829K [0x0000000600000000, 0x0000000800000000)
  region size 4096K, 182 young (745472K), 2 survivors (8192K)
 Metaspace       used 290082K, committed 293312K, reserved 1310720K
  class space    used 36271K, committed 37824K, reserved 1048576K
}
Event: 1500.128 GC heap after
{Heap after GC invocations=204 (full 0):
 garbage-first heap   total 1421312K, used 589235K [0x0000000600000000, 0x0000000800000000)
  region size 4096K, 1 young (4096K), 1 survivors (4096K)
 Metaspace       used 290082K, committed 293312K, reserved 1310720K
  class space    used 36271K, committed 37824K, reserved 1048576K
}
Event: 1513.975 GC heap before
{Heap before GC invocations=204 (full 0):
 garbage-first heap   total 1421312K, used 1039795K [0x0000000600000000, 0x0000000800000000)
  region size 4096K, 113 young (462848K), 1 survivors (4096K)
 Metaspace       used 292235K, committed 295488K, reserved 1310720K
  class space    used 36536K, committed 38080K, reserved 1048576K
}
Event: 1513.995 GC heap after
{Heap after GC invocations=205 (full 0):
 garbage-first heap   total 1421312K, used 628403K [0x0000000600000000, 0x0000000800000000)
  region size 4096K, 11 young (45056K), 11 survivors (45056K)
 Metaspace       used 292235K, committed 295488K, reserved 1310720K
  class space    used 36536K, committed 38080K, reserved 1048576K
}
Event: 1515.345 GC heap before
{Heap before GC invocations=205 (full 0):
 garbage-first heap   total 1421312K, used 734899K [0x0000000600000000, 0x0000000800000000)
  region size 4096K, 34 young (139264K), 11 survivors (45056K)
 Metaspace       used 306163K, committed 309376K, reserved 1376256K
  class space    used 37815K, committed 39360K, reserved 1048576K
}
Event: 1515.385 GC heap after
{Heap after GC invocations=206 (full 0):
 garbage-first heap   total 1421312K, used 646890K [0x0000000600000000, 0x0000000800000000)
  region size 4096K, 3 young (12288K), 3 survivors (12288K)
 Metaspace       used 306163K, committed 309376K, reserved 1376256K
  class space    used 37815K, committed 39360K, reserved 1048576K
}
Event: 1521.376 GC heap before
{Heap before GC invocations=207 (full 0):
 garbage-first heap   total 1421312K, used 1412842K [0x0000000600000000, 0x0000000800000000)
  region size 4096K, 158 young (647168K), 3 survivors (12288K)
 Metaspace       used 339998K, committed 343168K, reserved 1376256K
  class space    used 42197K, committed 43712K, reserved 1048576K
}
Event: 1521.504 GC heap after
{Heap after GC invocations=208 (full 0):
 garbage-first heap   total 1531904K, used 749568K [0x0000000600000000, 0x0000000800000000)
  region size 4096K, 22 young (90112K), 22 survivors (90112K)
 Metaspace       used 339998K, committed 343168K, reserved 1376256K
  class space    used 42197K, committed 43712K, reserved 1048576K
}
Event: 1521.510 GC heap before
{Heap before GC invocations=208 (full 0):
 garbage-first heap   total 1531904K, used 753664K [0x0000000600000000, 0x0000000800000000)
  region size 4096K, 23 young (94208K), 22 survivors (90112K)
 Metaspace       used 340036K, committed 343232K, reserved 1376256K
  class space    used 42201K, committed 43712K, reserved 1048576K
}
Event: 1521.601 GC heap after
{Heap after GC invocations=209 (full 0):
 garbage-first heap   total 1531904K, used 765270K [0x0000000600000000, 0x0000000800000000)
  region size 4096K, 3 young (12288K), 3 survivors (12288K)
 Metaspace       used 340036K, committed 343232K, reserved 1376256K
  class space    used 42201K, committed 43712K, reserved 1048576K
}
Event: 1523.951 GC heap before
{Heap before GC invocations=209 (full 0):
 garbage-first heap   total 1531904K, used 1379670K [0x0000000600000000, 0x0000000800000000)
  region size 4096K, 154 young (630784K), 3 survivors (12288K)
 Metaspace       used 368203K, committed 371520K, reserved 1376256K
  class space    used 45859K, committed 47488K, reserved 1048576K
}

